c:\users\henry\documents\visual studio 2017\projects\hagame2d\hagame2d\debug\hagame2d.pch
c:\users\henry\documents\visual studio 2017\projects\hagame2d\hagame2d\debug\vc141.pdb
c:\users\henry\documents\visual studio 2017\projects\hagame2d\hagame2d\debug\vc141.idb
c:\users\henry\documents\visual studio 2017\projects\hagame2d\hagame2d\debug\stdafx.obj
c:\users\henry\documents\visual studio 2017\projects\hagame2d\hagame2d\debug\orthogonolcharactercontroller.obj
c:\users\henry\documents\visual studio 2017\projects\hagame2d\hagame2d\debug\parameterset.obj
c:\users\henry\documents\visual studio 2017\projects\hagame2d\hagame2d\debug\pong.obj
c:\users\henry\documents\visual studio 2017\projects\hagame2d\hagame2d\debug\pong_ballcontroller.obj
c:\users\henry\documents\visual studio 2017\projects\hagame2d\hagame2d\debug\pong_computercontroller.obj
c:\users\henry\documents\visual studio 2017\projects\hagame2d\hagame2d\debug\pong_gameloop.obj
c:\users\henry\documents\visual studio 2017\projects\hagame2d\hagame2d\debug\quadtree.obj
c:\users\henry\documents\visual studio 2017\projects\hagame2d\hagame2d\debug\quicklist.obj
c:\users\henry\documents\visual studio 2017\projects\hagame2d\hagame2d\debug\rect.obj
c:\users\henry\documents\visual studio 2017\projects\hagame2d\hagame2d\debug\scene.obj
c:\users\henry\documents\visual studio 2017\projects\hagame2d\hagame2d\debug\spriteanimationrenderer.obj
c:\users\henry\documents\visual studio 2017\projects\hagame2d\hagame2d\debug\spriterenderer.obj
c:\users\henry\documents\visual studio 2017\projects\hagame2d\hagame2d\debug\spritesheethelper.obj
c:\users\henry\documents\visual studio 2017\projects\hagame2d\hagame2d\debug\spritesheetloader.obj
c:\users\henry\documents\visual studio 2017\projects\hagame2d\hagame2d\debug\textrenderer.obj
c:\users\henry\documents\visual studio 2017\projects\hagame2d\hagame2d\debug\uicomponent.obj
c:\users\henry\documents\visual studio 2017\projects\hagame2d\hagame2d\debug\vector.obj
c:\users\henry\documents\visual studio 2017\projects\hagame2d\hagame2d\debug\windowsdialogue.obj
c:\users\henry\documents\visual studio 2017\projects\hagame2d\hagame2d\debug\worldmapper.obj
c:\users\henry\documents\visual studio 2017\projects\hagame2d\hagame2d\debug\zeldaclone.obj
c:\users\henry\documents\visual studio 2017\projects\hagame2d\hagame2d\debug\color.obj
c:\users\henry\documents\visual studio 2017\projects\hagame2d\hagame2d\debug\component.obj
c:\users\henry\documents\visual studio 2017\projects\hagame2d\hagame2d\debug\cycliclist.obj
c:\users\henry\documents\visual studio 2017\projects\hagame2d\hagame2d\debug\datasample.obj
c:\users\henry\documents\visual studio 2017\projects\hagame2d\hagame2d\debug\display.obj
c:\users\henry\documents\visual studio 2017\projects\hagame2d\hagame2d\debug\game.obj
c:\users\henry\documents\visual studio 2017\projects\hagame2d\hagame2d\debug\gameobject.obj
c:\users\henry\documents\visual studio 2017\projects\hagame2d\hagame2d\debug\gameobjecttree.obj
c:\users\henry\documents\visual studio 2017\projects\hagame2d\hagame2d\debug\graphicscomponent.obj
c:\users\henry\documents\visual studio 2017\projects\hagame2d\hagame2d\debug\grid.obj
c:\users\henry\documents\visual studio 2017\projects\hagame2d\hagame2d\debug\griddrawer.obj
c:\users\henry\documents\visual studio 2017\projects\hagame2d\hagame2d\debug\gridlines.obj
c:\users\henry\documents\visual studio 2017\projects\hagame2d\hagame2d\debug\hagame2d.obj
c:\users\henry\documents\visual studio 2017\projects\hagame2d\hagame2d\debug\hastring.obj
c:\users\henry\documents\visual studio 2017\projects\hagame2d\hagame2d\debug\hatype.obj
c:\users\henry\documents\visual studio 2017\projects\hagame2d\hagame2d\debug\input.obj
c:\users\henry\documents\visual studio 2017\projects\hagame2d\hagame2d\debug\inputcomponent.obj
c:\users\henry\documents\visual studio 2017\projects\hagame2d\hagame2d\debug\mapbuilder.obj
c:\users\henry\documents\visual studio 2017\projects\hagame2d\hagame2d\debug\maploader.obj
c:\users\henry\documents\visual studio 2017\projects\hagame2d\hagame2d\debug\matrix.obj
c:\users\henry\documents\visual studio 2017\projects\hagame2d\hagame2d\debug\boxcollider.obj
c:\users\henry\documents\visual studio 2017\projects\hagame2d\hagame2d\debug\boxcomponent.obj
c:\users\henry\documents\visual studio 2017\projects\hagame2d\hagame2d\debug\boxrenderer.obj
c:\users\henry\documents\visual studio 2017\projects\hagame2d\hagame2d\debug\buttoncomponent.obj
c:\users\henry\documents\visual studio 2017\projects\hagame2d\hagame2d\debug\camera.obj
c:\users\henry\documents\visual studio 2017\projects\hagame2d\hagame2d\debug\circle.obj
c:\users\henry\documents\visual studio 2017\projects\hagame2d\hagame2d\debug\collisioncomponent.obj
c:\users\henry\documents\visual studio 2017\projects\hagame2d\debug\hagame2d.ilk
c:\users\henry\documents\visual studio 2017\projects\hagame2d\debug\hagame2d.exe
c:\users\henry\documents\visual studio 2017\projects\hagame2d\debug\lnk{71c0f6d9-d52e-4ebf-8b69-f154967bcecb}.tmp
c:\users\henry\documents\visual studio 2017\projects\hagame2d\debug\hagame2d.pdb
c:\users\henry\documents\visual studio 2017\projects\hagame2d\hagame2d\debug\hagame2d.res
c:\users\henry\documents\visual studio 2017\projects\hagame2d\hagame2d\debug\hagame2d.tlog\cl.command.1.tlog
c:\users\henry\documents\visual studio 2017\projects\hagame2d\hagame2d\debug\hagame2d.tlog\cl.read.1.tlog
c:\users\henry\documents\visual studio 2017\projects\hagame2d\hagame2d\debug\hagame2d.tlog\cl.write.1.tlog
c:\users\henry\documents\visual studio 2017\projects\hagame2d\hagame2d\debug\hagame2d.tlog\link.command.1.tlog
c:\users\henry\documents\visual studio 2017\projects\hagame2d\hagame2d\debug\hagame2d.tlog\link.delete.1.tlog
c:\users\henry\documents\visual studio 2017\projects\hagame2d\hagame2d\debug\hagame2d.tlog\link.read.1.tlog
c:\users\henry\documents\visual studio 2017\projects\hagame2d\hagame2d\debug\hagame2d.tlog\link.write.1.tlog
c:\users\henry\documents\visual studio 2017\projects\hagame2d\hagame2d\debug\hagame2d.tlog\rc.command.1.tlog
c:\users\henry\documents\visual studio 2017\projects\hagame2d\hagame2d\debug\hagame2d.tlog\rc.read.1.tlog
c:\users\henry\documents\visual studio 2017\projects\hagame2d\hagame2d\debug\hagame2d.tlog\rc.write.1.tlog
