  BoxCollider.cpp
c:\users\henry\documents\visual studio 2017\projects\hagame2d\hagame2d\Display.h(2): fatal error C1083: Cannot open include file: 'SDL.h': No such file or directory
  BoxComponent.cpp
c:\users\henry\documents\visual studio 2017\projects\hagame2d\hagame2d\Display.h(2): fatal error C1083: Cannot open include file: 'SDL.h': No such file or directory
  BoxRenderer.cpp
c:\users\henry\documents\visual studio 2017\projects\hagame2d\hagame2d\Display.h(2): fatal error C1083: Cannot open include file: 'SDL.h': No such file or directory
  ButtonComponent.cpp
c:\users\henry\documents\visual studio 2017\projects\hagame2d\hagame2d\Display.h(2): fatal error C1083: Cannot open include file: 'SDL.h': No such file or directory
  Camera.cpp
c:\users\henry\documents\visual studio 2017\projects\hagame2d\hagame2d\Camera.h(3): fatal error C1083: Cannot open include file: 'SDL.h': No such file or directory
  Circle.cpp
c:\users\henry\documents\visual studio 2017\projects\hagame2d\hagame2d\Display.h(2): fatal error C1083: Cannot open include file: 'SDL.h': No such file or directory
  CollisionComponent.cpp
c:\users\henry\documents\visual studio 2017\projects\hagame2d\hagame2d\Display.h(2): fatal error C1083: Cannot open include file: 'SDL.h': No such file or directory
  Color.cpp
  Component.cpp
c:\users\henry\documents\visual studio 2017\projects\hagame2d\hagame2d\Display.h(2): fatal error C1083: Cannot open include file: 'SDL.h': No such file or directory
  CyclicList.cpp
  Display.cpp
c:\users\henry\documents\visual studio 2017\projects\hagame2d\hagame2d\Display.h(2): fatal error C1083: Cannot open include file: 'SDL.h': No such file or directory
  Game.cpp
c:\users\henry\documents\visual studio 2017\projects\hagame2d\hagame2d\Display.h(2): fatal error C1083: Cannot open include file: 'SDL.h': No such file or directory
  GameObject.cpp
c:\users\henry\documents\visual studio 2017\projects\hagame2d\hagame2d\Display.h(2): fatal error C1083: Cannot open include file: 'SDL.h': No such file or directory
  GameObjectTree.cpp
c:\users\henry\documents\visual studio 2017\projects\hagame2d\hagame2d\Display.h(2): fatal error C1083: Cannot open include file: 'SDL.h': No such file or directory
  GraphicsComponent.cpp
c:\users\henry\documents\visual studio 2017\projects\hagame2d\hagame2d\Display.h(2): fatal error C1083: Cannot open include file: 'SDL.h': No such file or directory
  Grid.cpp
  GridDrawer.cpp
c:\users\henry\documents\visual studio 2017\projects\hagame2d\hagame2d\Display.h(2): fatal error C1083: Cannot open include file: 'SDL.h': No such file or directory
  GridLines.cpp
c:\users\henry\documents\visual studio 2017\projects\hagame2d\hagame2d\Display.h(2): fatal error C1083: Cannot open include file: 'SDL.h': No such file or directory
  HaGame2D.cpp
HaGame2D.cpp(5): fatal error C1083: Cannot open include file: 'SDL.h': No such file or directory
  HaString.cpp
  Compiling...
  HaType.cpp
c:\users\henry\documents\visual studio 2017\projects\hagame2d\hagame2d\Display.h(2): fatal error C1083: Cannot open include file: 'SDL.h': No such file or directory
  Input.cpp
c:\users\henry\documents\visual studio 2017\projects\hagame2d\hagame2d\Input.h(2): fatal error C1083: Cannot open include file: 'SDL.h': No such file or directory
  InputComponent.cpp
c:\users\henry\documents\visual studio 2017\projects\hagame2d\hagame2d\Display.h(2): fatal error C1083: Cannot open include file: 'SDL.h': No such file or directory
  MapBuilder.cpp
c:\users\henry\documents\visual studio 2017\projects\hagame2d\hagame2d\Display.h(2): fatal error C1083: Cannot open include file: 'SDL.h': No such file or directory
  MapLoader.cpp
  OrthogonolCharacterController.cpp
c:\users\henry\documents\visual studio 2017\projects\hagame2d\hagame2d\Display.h(2): fatal error C1083: Cannot open include file: 'SDL.h': No such file or directory
  ParameterSet.cpp
  Pong.cpp
c:\users\henry\documents\visual studio 2017\projects\hagame2d\hagame2d\Display.h(2): fatal error C1083: Cannot open include file: 'SDL.h': No such file or directory
  Pong_BallController.cpp
c:\users\henry\documents\visual studio 2017\projects\hagame2d\hagame2d\Display.h(2): fatal error C1083: Cannot open include file: 'SDL.h': No such file or directory
  Pong_ComputerController.cpp
c:\users\henry\documents\visual studio 2017\projects\hagame2d\hagame2d\Display.h(2): fatal error C1083: Cannot open include file: 'SDL.h': No such file or directory
  Pong_GameLoop.cpp
c:\users\henry\documents\visual studio 2017\projects\hagame2d\hagame2d\Display.h(2): fatal error C1083: Cannot open include file: 'SDL.h': No such file or directory
  QuadTree.cpp
c:\users\henry\documents\visual studio 2017\projects\hagame2d\hagame2d\Display.h(2): fatal error C1083: Cannot open include file: 'SDL.h': No such file or directory
  QuickList.cpp
  Rect.cpp
c:\users\henry\documents\visual studio 2017\projects\hagame2d\hagame2d\Display.h(2): fatal error C1083: Cannot open include file: 'SDL.h': No such file or directory
  Scene.cpp
c:\users\henry\documents\visual studio 2017\projects\hagame2d\hagame2d\Display.h(2): fatal error C1083: Cannot open include file: 'SDL.h': No such file or directory
  SpriteAnimationRenderer.cpp
c:\users\henry\documents\visual studio 2017\projects\hagame2d\hagame2d\Display.h(2): fatal error C1083: Cannot open include file: 'SDL.h': No such file or directory
  SpriteRenderer.cpp
c:\users\henry\documents\visual studio 2017\projects\hagame2d\hagame2d\Display.h(2): fatal error C1083: Cannot open include file: 'SDL.h': No such file or directory
  SpriteSheetHelper.cpp
c:\users\henry\documents\visual studio 2017\projects\hagame2d\hagame2d\Display.h(2): fatal error C1083: Cannot open include file: 'SDL.h': No such file or directory
  TextRenderer.cpp
c:\users\henry\documents\visual studio 2017\projects\hagame2d\hagame2d\Display.h(2): fatal error C1083: Cannot open include file: 'SDL.h': No such file or directory
  UIComponent.cpp
c:\users\henry\documents\visual studio 2017\projects\hagame2d\hagame2d\Display.h(2): fatal error C1083: Cannot open include file: 'SDL.h': No such file or directory
  Compiling...
  ZeldaClone.cpp
c:\users\henry\documents\visual studio 2017\projects\hagame2d\hagame2d\Display.h(2): fatal error C1083: Cannot open include file: 'SDL.h': No such file or directory
