  CarController.cpp
C:\Users\henry\HaGame2D\HaGame2D\Display.h(42,13): warning C4244:  '=': conversion from 'float' to 'int', possible loss of data
C:\Users\henry\HaGame2D\HaGame2D\Display.h(43,13): warning C4244:  '=': conversion from 'float' to 'int', possible loss of data
C:\Users\henry\HaGame2D\HaGame2D\Display.h(44,13): warning C4244:  '=': conversion from 'float' to 'int', possible loss of data
C:\Users\henry\HaGame2D\HaGame2D\Display.h(45,13): warning C4244:  '=': conversion from 'float' to 'int', possible loss of data
C:\Users\henry\HaGame2D\HaGame2D\Display.h(51,12): warning C4244:  '=': conversion from 'float' to 'int', possible loss of data
C:\Users\henry\HaGame2D\HaGame2D\Display.h(52,12): warning C4244:  '=': conversion from 'float' to 'int', possible loss of data
C:\Users\henry\HaGame2D\HaGame2D\Display.h(53,12): warning C4244:  '=': conversion from 'float' to 'int', possible loss of data
C:\Users\henry\HaGame2D\HaGame2D\Display.h(54,12): warning C4244:  '=': conversion from 'float' to 'int', possible loss of data
C:\Users\henry\HaGame2D\HaGame2D\Input.h(54,40): warning C4244:  'argument': conversion from 'int' to 'float', possible loss of data
C:\Users\henry\HaGame2D\HaGame2D\Input.h(54,32): warning C4244:  'argument': conversion from 'int' to 'float', possible loss of data
C:\Users\henry\HaGame2D\HaGame2D\Input.h(56,32): warning C4244:  '=': conversion from 'float' to 'int', possible loss of data
C:\Users\henry\HaGame2D\HaGame2D\Input.h(57,32): warning C4244:  '=': conversion from 'float' to 'int', possible loss of data
C:\Users\henry\HaGame2D\HaGame2D\CarController.h(4,41): warning C4305:  'initializing': truncation from 'double' to 'float'
C:\Users\henry\HaGame2D\HaGame2D\CarController.h(5,42): warning C4305:  'initializing': truncation from 'double' to 'float'
C:\Users\henry\HaGame2D\HaGame2D\CarController.h(6,45): warning C4305:  'initializing': truncation from 'double' to 'float'
C:\Users\henry\HaGame2D\HaGame2D\BoxCollider.h(26,13): warning C4244:  '=': conversion from 'float' to 'int', possible loss of data
C:\Users\henry\HaGame2D\HaGame2D\BoxCollider.h(27,13): warning C4244:  '=': conversion from 'float' to 'int', possible loss of data
C:\Users\henry\HaGame2D\HaGame2D\BoxCollider.h(28,13): warning C4244:  '=': conversion from 'float' to 'int', possible loss of data
C:\Users\henry\HaGame2D\HaGame2D\BoxCollider.h(29,13): warning C4244:  '=': conversion from 'float' to 'int', possible loss of data
C:\Users\henry\HaGame2D\HaGame2D\BoxCollider.h(35,12): warning C4244:  '=': conversion from 'float' to 'int', possible loss of data
C:\Users\henry\HaGame2D\HaGame2D\BoxCollider.h(36,12): warning C4244:  '=': conversion from 'float' to 'int', possible loss of data
C:\Users\henry\HaGame2D\HaGame2D\BoxCollider.h(37,12): warning C4244:  '=': conversion from 'float' to 'int', possible loss of data
C:\Users\henry\HaGame2D\HaGame2D\BoxCollider.h(38,12): warning C4244:  '=': conversion from 'float' to 'int', possible loss of data
C:\Users\henry\HaGame2D\HaGame2D\Camera.h(15,28): warning C4305:  'initializing': truncation from 'double' to 'float'
C:\Users\henry\HaGame2D\HaGame2D\Camera.h(18,38): warning C4305:  'initializing': truncation from 'double' to 'float'
C:\Users\henry\HaGame2D\HaGame2D\Camera.h(82,31): warning C4244:  'argument': conversion from 'double' to 'float', possible loss of data
C:\Users\henry\HaGame2D\HaGame2D\Camera.h(83,31): warning C4244:  'argument': conversion from 'double' to 'float', possible loss of data
C:\Users\henry\HaGame2D\HaGame2D\Scene.h(90,47): warning C4244:  'argument': conversion from 'int' to 'float', possible loss of data
C:\Users\henry\HaGame2D\HaGame2D\Scene.h(90,29): warning C4244:  'argument': conversion from 'int' to 'float', possible loss of data
  Generating code
  2 of 3019 functions (<0.1%) were compiled, the rest were copied from previous compilation.
    0 functions were new in current compilation
    60 functions had inline decision re-evaluated but remain unchanged
  Finished generating code
  HaGame2D.vcxproj -> C:\Users\henry\HaGame2D\Release\HaGame2D.exe
