c:\users\henry\documents\visual studio 2017\projects\hagame2d\hagame2d\release\hagame2d.pch
c:\users\henry\documents\visual studio 2017\projects\hagame2d\hagame2d\release\vc141.pdb
c:\users\henry\documents\visual studio 2017\projects\hagame2d\hagame2d\release\stdafx.obj
c:\users\henry\documents\visual studio 2017\projects\hagame2d\hagame2d\release\vector.obj
c:\users\henry\documents\visual studio 2017\projects\hagame2d\hagame2d\release\component.obj
c:\users\henry\documents\visual studio 2017\projects\hagame2d\hagame2d\release\grid.obj
c:\users\henry\documents\visual studio 2017\projects\hagame2d\hagame2d\release\datasample.obj
c:\users\henry\documents\visual studio 2017\projects\hagame2d\hagame2d\release\cycliclist.obj
c:\users\henry\documents\visual studio 2017\projects\hagame2d\hagame2d\release\color.obj
c:\users\henry\documents\visual studio 2017\projects\hagame2d\hagame2d\release\quicklist.obj
c:\users\henry\documents\visual studio 2017\projects\hagame2d\hagame2d\release\parameterset.obj
c:\users\henry\documents\visual studio 2017\projects\hagame2d\hagame2d\release\matrix.obj
c:\users\henry\documents\visual studio 2017\projects\hagame2d\hagame2d\release\maploader.obj
c:\users\henry\documents\visual studio 2017\projects\hagame2d\hagame2d\release\hastring.obj
c:\users\henry\documents\visual studio 2017\projects\hagame2d\hagame2d\release\worldmapper.obj
c:\users\henry\documents\visual studio 2017\projects\hagame2d\hagame2d\release\windowsdialogue.obj
c:\users\henry\documents\visual studio 2017\projects\hagame2d\hagame2d\release\spritesheetloader.obj
c:\users\henry\documents\visual studio 2017\projects\hagame2d\hagame2d\release\hagame2d.obj
c:\users\henry\documents\visual studio 2017\projects\hagame2d\hagame2d\release\gridlines.obj
c:\users\henry\documents\visual studio 2017\projects\hagame2d\hagame2d\release\griddrawer.obj
c:\users\henry\documents\visual studio 2017\projects\hagame2d\hagame2d\release\graphicscomponent.obj
c:\users\henry\documents\visual studio 2017\projects\hagame2d\hagame2d\release\gameobjecttree.obj
c:\users\henry\documents\visual studio 2017\projects\hagame2d\hagame2d\release\gameobject.obj
c:\users\henry\documents\visual studio 2017\projects\hagame2d\hagame2d\release\game.obj
c:\users\henry\documents\visual studio 2017\projects\hagame2d\hagame2d\release\display.obj
c:\users\henry\documents\visual studio 2017\projects\hagame2d\hagame2d\release\collisioncomponent.obj
c:\users\henry\documents\visual studio 2017\projects\hagame2d\hagame2d\release\circle.obj
c:\users\henry\documents\visual studio 2017\projects\hagame2d\hagame2d\release\camera.obj
c:\users\henry\documents\visual studio 2017\projects\hagame2d\hagame2d\release\buttoncomponent.obj
c:\users\henry\documents\visual studio 2017\projects\hagame2d\hagame2d\release\boxrenderer.obj
c:\users\henry\documents\visual studio 2017\projects\hagame2d\hagame2d\release\boxcomponent.obj
c:\users\henry\documents\visual studio 2017\projects\hagame2d\hagame2d\release\boxcollider.obj
c:\users\henry\documents\visual studio 2017\projects\hagame2d\hagame2d\release\uicomponent.obj
c:\users\henry\documents\visual studio 2017\projects\hagame2d\hagame2d\release\textrenderer.obj
c:\users\henry\documents\visual studio 2017\projects\hagame2d\hagame2d\release\spritesheethelper.obj
c:\users\henry\documents\visual studio 2017\projects\hagame2d\hagame2d\release\spriterenderer.obj
c:\users\henry\documents\visual studio 2017\projects\hagame2d\hagame2d\release\spriteanimationrenderer.obj
c:\users\henry\documents\visual studio 2017\projects\hagame2d\hagame2d\release\scene.obj
c:\users\henry\documents\visual studio 2017\projects\hagame2d\hagame2d\release\rect.obj
c:\users\henry\documents\visual studio 2017\projects\hagame2d\hagame2d\release\quadtree.obj
c:\users\henry\documents\visual studio 2017\projects\hagame2d\hagame2d\release\pong_gameloop.obj
c:\users\henry\documents\visual studio 2017\projects\hagame2d\hagame2d\release\pong_computercontroller.obj
c:\users\henry\documents\visual studio 2017\projects\hagame2d\hagame2d\release\pong_ballcontroller.obj
c:\users\henry\documents\visual studio 2017\projects\hagame2d\hagame2d\release\pong.obj
c:\users\henry\documents\visual studio 2017\projects\hagame2d\hagame2d\release\orthogonolcharactercontroller.obj
c:\users\henry\documents\visual studio 2017\projects\hagame2d\hagame2d\release\mapbuilder.obj
c:\users\henry\documents\visual studio 2017\projects\hagame2d\hagame2d\release\inputcomponent.obj
c:\users\henry\documents\visual studio 2017\projects\hagame2d\hagame2d\release\input.obj
c:\users\henry\documents\visual studio 2017\projects\hagame2d\hagame2d\release\hatype.obj
c:\users\henry\documents\visual studio 2017\projects\hagame2d\hagame2d\release\zeldaclone.obj
c:\users\henry\documents\visual studio 2017\projects\hagame2d\hagame2d\release\random.obj
c:\users\henry\documents\visual studio 2017\projects\hagame2d\hagame2d\release\math.obj
c:\users\henry\documents\visual studio 2017\projects\hagame2d\release\hagame2d.ipdb
c:\users\henry\documents\visual studio 2017\projects\hagame2d\release\hagame2d.iobj
c:\users\henry\documents\visual studio 2017\projects\hagame2d\release\hagame2d.exe
c:\users\henry\documents\visual studio 2017\projects\hagame2d\release\hagame2d.pdb
c:\users\henry\documents\visual studio 2017\projects\hagame2d\hagame2d\release\hagame2d.res
c:\users\henry\documents\visual studio 2017\projects\hagame2d\hagame2d\release\hagame2d.tlog\cl.command.1.tlog
c:\users\henry\documents\visual studio 2017\projects\hagame2d\hagame2d\release\hagame2d.tlog\cl.read.1.tlog
c:\users\henry\documents\visual studio 2017\projects\hagame2d\hagame2d\release\hagame2d.tlog\cl.write.1.tlog
c:\users\henry\documents\visual studio 2017\projects\hagame2d\hagame2d\release\hagame2d.tlog\hagame2d.write.1u.tlog
c:\users\henry\documents\visual studio 2017\projects\hagame2d\hagame2d\release\hagame2d.tlog\link.command.1.tlog
c:\users\henry\documents\visual studio 2017\projects\hagame2d\hagame2d\release\hagame2d.tlog\link.read.1.tlog
c:\users\henry\documents\visual studio 2017\projects\hagame2d\hagame2d\release\hagame2d.tlog\link.write.1.tlog
c:\users\henry\documents\visual studio 2017\projects\hagame2d\hagame2d\release\hagame2d.tlog\rc.command.1.tlog
c:\users\henry\documents\visual studio 2017\projects\hagame2d\hagame2d\release\hagame2d.tlog\rc.read.1.tlog
c:\users\henry\documents\visual studio 2017\projects\hagame2d\hagame2d\release\hagame2d.tlog\rc.write.1.tlog
